[09-Jan-2024 02:21:11 UTC] PHP Notice:  Function add_submenu_page was called incorrectly. The seventh parameter passed to add_submenu_page() should be numeric representing menu position. Please see <a>Debugging in WordPress</a> for more information. (This message was added in version 5.3.0.) in /www/wwwroot/libofei.com/wp-includes/functions.php on line 6031
[09-Jan-2024 02:22:27 UTC] PHP Notice:  Function add_submenu_page was called incorrectly. The seventh parameter passed to add_submenu_page() should be numeric representing menu position. Please see <a>Debugging in WordPress</a> for more information. (This message was added in version 5.3.0.) in /www/wwwroot/libofei.com/wp-includes/functions.php on line 6031
[09-Jan-2024 02:22:53 UTC] PHP Notice:  Function add_submenu_page was called incorrectly. The seventh parameter passed to add_submenu_page() should be numeric representing menu position. Please see <a>Debugging in WordPress</a> for more information. (This message was added in version 5.3.0.) in /www/wwwroot/libofei.com/wp-includes/functions.php on line 6031
[09-Jan-2024 02:42:57 UTC] PHP Notice:  Function add_submenu_page was called incorrectly. The seventh parameter passed to add_submenu_page() should be numeric representing menu position. Please see <a>Debugging in WordPress</a> for more information. (This message was added in version 5.3.0.) in /www/wwwroot/libofei.com/wp-includes/functions.php on line 6031
[09-Jan-2024 02:43:00 UTC] PHP Notice:  Function add_submenu_page was called incorrectly. The seventh parameter passed to add_submenu_page() should be numeric representing menu position. Please see <a>Debugging in WordPress</a> for more information. (This message was added in version 5.3.0.) in /www/wwwroot/libofei.com/wp-includes/functions.php on line 6031
[09-Jan-2024 02:43:21 UTC] PHP Notice:  Function add_submenu_page was called incorrectly. The seventh parameter passed to add_submenu_page() should be numeric representing menu position. Please see <a>Debugging in WordPress</a> for more information. (This message was added in version 5.3.0.) in /www/wwwroot/libofei.com/wp-includes/functions.php on line 6031
[09-Jan-2024 02:43:24 UTC] PHP Notice:  Function add_submenu_page was called incorrectly. The seventh parameter passed to add_submenu_page() should be numeric representing menu position. Please see <a>Debugging in WordPress</a> for more information. (This message was added in version 5.3.0.) in /www/wwwroot/libofei.com/wp-includes/functions.php on line 6031
[09-Jan-2024 02:43:31 UTC] PHP Notice:  Function add_submenu_page was called incorrectly. The seventh parameter passed to add_submenu_page() should be numeric representing menu position. Please see <a>Debugging in WordPress</a> for more information. (This message was added in version 5.3.0.) in /www/wwwroot/libofei.com/wp-includes/functions.php on line 6031
[09-Jan-2024 02:43:47 UTC] PHP Notice:  Function add_submenu_page was called incorrectly. The seventh parameter passed to add_submenu_page() should be numeric representing menu position. Please see <a>Debugging in WordPress</a> for more information. (This message was added in version 5.3.0.) in /www/wwwroot/libofei.com/wp-includes/functions.php on line 6031
[09-Jan-2024 02:43:50 UTC] PHP Notice:  Function add_submenu_page was called incorrectly. The seventh parameter passed to add_submenu_page() should be numeric representing menu position. Please see <a>Debugging in WordPress</a> for more information. (This message was added in version 5.3.0.) in /www/wwwroot/libofei.com/wp-includes/functions.php on line 6031
[09-Jan-2024 02:44:07 UTC] PHP Notice:  Function add_submenu_page was called incorrectly. The seventh parameter passed to add_submenu_page() should be numeric representing menu position. Please see <a>Debugging in WordPress</a> for more information. (This message was added in version 5.3.0.) in /www/wwwroot/libofei.com/wp-includes/functions.php on line 6031
[09-Jan-2024 02:44:24 UTC] PHP Notice:  Function add_submenu_page was called incorrectly. The seventh parameter passed to add_submenu_page() should be numeric representing menu position. Please see <a>Debugging in WordPress</a> for more information. (This message was added in version 5.3.0.) in /www/wwwroot/libofei.com/wp-includes/functions.php on line 6031
[09-Jan-2024 03:23:10 UTC] PHP Notice:  Trying to get property 'content' of non-object in /www/wwwroot/libofei.com/wp-includes/blocks/template-part.php on line 69
[09-Jan-2024 03:23:10 UTC] PHP Notice:  Trying to get property 'content' of non-object in /www/wwwroot/libofei.com/wp-includes/blocks/template-part.php on line 69
[09-Jan-2024 03:23:50 UTC] PHP Notice:  Trying to get property 'content' of non-object in /www/wwwroot/libofei.com/wp-includes/blocks/template-part.php on line 69
[09-Jan-2024 03:23:50 UTC] PHP Notice:  Trying to get property 'content' of non-object in /www/wwwroot/libofei.com/wp-includes/blocks/template-part.php on line 69
[09-Jan-2024 03:26:13 UTC] PHP Notice:  Trying to get property 'content' of non-object in /www/wwwroot/libofei.com/wp-includes/blocks/template-part.php on line 69
[09-Jan-2024 03:26:13 UTC] PHP Notice:  Trying to get property 'content' of non-object in /www/wwwroot/libofei.com/wp-includes/blocks/template-part.php on line 69
[09-Jan-2024 03:27:16 UTC] PHP Notice:  Trying to get property 'content' of non-object in /www/wwwroot/libofei.com/wp-includes/blocks/template-part.php on line 69
[09-Jan-2024 03:27:16 UTC] PHP Notice:  Trying to get property 'content' of non-object in /www/wwwroot/libofei.com/wp-includes/blocks/template-part.php on line 69
[09-Jan-2024 03:33:13 UTC] PHP Notice:  Trying to get property 'content' of non-object in /www/wwwroot/libofei.com/wp-includes/blocks/template-part.php on line 69
[09-Jan-2024 03:33:13 UTC] PHP Notice:  Trying to get property 'content' of non-object in /www/wwwroot/libofei.com/wp-includes/blocks/template-part.php on line 69
[09-Jan-2024 03:33:23 UTC] PHP Notice:  Trying to get property 'content' of non-object in /www/wwwroot/libofei.com/wp-includes/blocks/template-part.php on line 69
[09-Jan-2024 03:33:23 UTC] PHP Notice:  Trying to get property 'content' of non-object in /www/wwwroot/libofei.com/wp-includes/blocks/template-part.php on line 69
[09-Jan-2024 03:33:36 UTC] PHP Notice:  Trying to get property 'content' of non-object in /www/wwwroot/libofei.com/wp-includes/blocks/template-part.php on line 69
[09-Jan-2024 03:33:36 UTC] PHP Notice:  Trying to get property 'content' of non-object in /www/wwwroot/libofei.com/wp-includes/blocks/template-part.php on line 69
[09-Jan-2024 03:40:28 UTC] PHP Notice:  Trying to get property 'content' of non-object in /www/wwwroot/libofei.com/wp-includes/blocks/template-part.php on line 69
[09-Jan-2024 03:40:28 UTC] PHP Notice:  Trying to get property 'content' of non-object in /www/wwwroot/libofei.com/wp-includes/blocks/template-part.php on line 69
[09-Jan-2024 03:54:57 UTC] PHP Notice:  Trying to get property 'content' of non-object in /www/wwwroot/libofei.com/wp-includes/blocks/template-part.php on line 69
[09-Jan-2024 03:54:57 UTC] PHP Notice:  Trying to get property 'content' of non-object in /www/wwwroot/libofei.com/wp-includes/blocks/template-part.php on line 69
[09-Jan-2024 04:18:06 UTC] test
[09-Jan-2024 04:18:07 UTC] test
[09-Jan-2024 04:18:07 UTC] test
[09-Jan-2024 04:18:12 UTC] test
[09-Jan-2024 04:19:15 UTC] test
[09-Jan-2024 04:19:16 UTC] test
[09-Jan-2024 04:21:15 UTC] test
[09-Jan-2024 04:21:16 UTC] test
[09-Jan-2024 04:23:16 UTC] test
[09-Jan-2024 04:23:17 UTC] test
[09-Jan-2024 04:25:17 UTC] test
[09-Jan-2024 04:25:18 UTC] test
[09-Jan-2024 04:27:18 UTC] test
[09-Jan-2024 04:27:19 UTC] test
[09-Jan-2024 04:29:19 UTC] test
[09-Jan-2024 04:29:20 UTC] test
[09-Jan-2024 04:35:45 UTC] test
[09-Jan-2024 04:35:46 UTC] test
[09-Jan-2024 04:35:47 UTC] test
[09-Jan-2024 05:09:00 UTC] PHP Notice:  Undefined variable: get_stylesheet_uri in /www/wwwroot/libofei.com/wp-content/themes/techqik/functions.php on line 5
[09-Jan-2024 05:09:00 UTC] PHP Fatal error:  Uncaught Error: Function name must be a string in /www/wwwroot/libofei.com/wp-content/themes/techqik/functions.php:5
Stack trace:
#0 /www/wwwroot/libofei.com/wp-includes/class-wp-hook.php(324): theme_techqik_com_setup()
#1 /www/wwwroot/libofei.com/wp-includes/class-wp-hook.php(348): WP_Hook->apply_filters()
#2 /www/wwwroot/libofei.com/wp-includes/plugin.php(517): WP_Hook->do_action()
#3 /www/wwwroot/libofei.com/wp-settings.php(621): do_action()
#4 /www/wwwroot/libofei.com/wp-config.php(115): require_once('/www/wwwroot/li...')
#5 /www/wwwroot/libofei.com/wp-load.php(50): require_once('/www/wwwroot/li...')
#6 /www/wwwroot/libofei.com/wp-blog-header.php(13): require_once('/www/wwwroot/li...')
#7 /www/wwwroot/libofei.com/index.php(17): require('/www/wwwroot/li...')
#8 {main}
  thrown in /www/wwwroot/libofei.com/wp-content/themes/techqik/functions.php on line 5
[09-Jan-2024 05:09:01 UTC] PHP Notice:  Undefined variable: get_stylesheet_uri in /www/wwwroot/libofei.com/wp-content/themes/techqik/functions.php on line 5
[09-Jan-2024 05:09:01 UTC] PHP Fatal error:  Uncaught Error: Function name must be a string in /www/wwwroot/libofei.com/wp-content/themes/techqik/functions.php:5
Stack trace:
#0 /www/wwwroot/libofei.com/wp-includes/class-wp-hook.php(324): theme_techqik_com_setup()
#1 /www/wwwroot/libofei.com/wp-includes/class-wp-hook.php(348): WP_Hook->apply_filters()
#2 /www/wwwroot/libofei.com/wp-includes/plugin.php(517): WP_Hook->do_action()
#3 /www/wwwroot/libofei.com/wp-settings.php(621): do_action()
#4 /www/wwwroot/libofei.com/wp-config.php(115): require_once('/www/wwwroot/li...')
#5 /www/wwwroot/libofei.com/wp-load.php(50): require_once('/www/wwwroot/li...')
#6 /www/wwwroot/libofei.com/wp-blog-header.php(13): require_once('/www/wwwroot/li...')
#7 /www/wwwroot/libofei.com/index.php(17): require('/www/wwwroot/li...')
#8 {main}
  thrown in /www/wwwroot/libofei.com/wp-content/themes/techqik/functions.php on line 5
[09-Jan-2024 05:09:32 UTC] PHP Notice:  Undefined variable: get_stylesheet_uri in /www/wwwroot/libofei.com/wp-content/themes/techqik/functions.php on line 5
[09-Jan-2024 05:09:32 UTC] PHP Fatal error:  Uncaught Error: Function name must be a string in /www/wwwroot/libofei.com/wp-content/themes/techqik/functions.php:5
Stack trace:
#0 /www/wwwroot/libofei.com/wp-includes/class-wp-hook.php(324): theme_techqik_com_setup()
#1 /www/wwwroot/libofei.com/wp-includes/class-wp-hook.php(348): WP_Hook->apply_filters()
#2 /www/wwwroot/libofei.com/wp-includes/plugin.php(517): WP_Hook->do_action()
#3 /www/wwwroot/libofei.com/wp-settings.php(621): do_action()
#4 /www/wwwroot/libofei.com/wp-config.php(115): require_once('/www/wwwroot/li...')
#5 /www/wwwroot/libofei.com/wp-load.php(50): require_once('/www/wwwroot/li...')
#6 /www/wwwroot/libofei.com/wp-blog-header.php(13): require_once('/www/wwwroot/li...')
#7 /www/wwwroot/libofei.com/index.php(17): require('/www/wwwroot/li...')
#8 {main}
  thrown in /www/wwwroot/libofei.com/wp-content/themes/techqik/functions.php on line 5
[09-Jan-2024 05:09:33 UTC] PHP Notice:  Undefined variable: get_stylesheet_uri in /www/wwwroot/libofei.com/wp-content/themes/techqik/functions.php on line 5
[09-Jan-2024 05:09:33 UTC] PHP Fatal error:  Uncaught Error: Function name must be a string in /www/wwwroot/libofei.com/wp-content/themes/techqik/functions.php:5
Stack trace:
#0 /www/wwwroot/libofei.com/wp-includes/class-wp-hook.php(324): theme_techqik_com_setup()
#1 /www/wwwroot/libofei.com/wp-includes/class-wp-hook.php(348): WP_Hook->apply_filters()
#2 /www/wwwroot/libofei.com/wp-includes/plugin.php(517): WP_Hook->do_action()
#3 /www/wwwroot/libofei.com/wp-settings.php(621): do_action()
#4 /www/wwwroot/libofei.com/wp-config.php(115): require_once('/www/wwwroot/li...')
#5 /www/wwwroot/libofei.com/wp-load.php(50): require_once('/www/wwwroot/li...')
#6 /www/wwwroot/libofei.com/wp-blog-header.php(13): require_once('/www/wwwroot/li...')
#7 /www/wwwroot/libofei.com/index.php(17): require('/www/wwwroot/li...')
#8 {main}
  thrown in /www/wwwroot/libofei.com/wp-content/themes/techqik/functions.php on line 5
[09-Jan-2024 05:10:33 UTC] PHP Notice:  Undefined variable: get_stylesheet_uri in /www/wwwroot/libofei.com/wp-content/themes/techqik/functions.php on line 5
[09-Jan-2024 05:10:33 UTC] PHP Fatal error:  Uncaught Error: Function name must be a string in /www/wwwroot/libofei.com/wp-content/themes/techqik/functions.php:5
Stack trace:
#0 /www/wwwroot/libofei.com/wp-includes/class-wp-hook.php(324): theme_techqik_com_setup()
#1 /www/wwwroot/libofei.com/wp-includes/class-wp-hook.php(348): WP_Hook->apply_filters()
#2 /www/wwwroot/libofei.com/wp-includes/plugin.php(517): WP_Hook->do_action()
#3 /www/wwwroot/libofei.com/wp-settings.php(621): do_action()
#4 /www/wwwroot/libofei.com/wp-config.php(115): require_once('/www/wwwroot/li...')
#5 /www/wwwroot/libofei.com/wp-load.php(50): require_once('/www/wwwroot/li...')
#6 /www/wwwroot/libofei.com/wp-admin/admin-ajax.php(22): require_once('/www/wwwroot/li...')
#7 {main}
  thrown in /www/wwwroot/libofei.com/wp-content/themes/techqik/functions.php on line 5
[09-Jan-2024 05:10:33 UTC] PHP Notice:  Trying to access array offset on value of type bool in /www/wwwroot/libofei.com/wp-includes/class-wp-recovery-mode-email-service.php on line 367
[09-Jan-2024 05:10:33 UTC] PHP Notice:  Trying to access array offset on value of type bool in /www/wwwroot/libofei.com/wp-includes/class-wp-recovery-mode-email-service.php on line 368
[09-Jan-2024 05:10:37 UTC] PHP Notice:  Undefined variable: get_stylesheet_uri in /www/wwwroot/libofei.com/wp-content/themes/techqik/functions.php on line 5
[09-Jan-2024 05:10:37 UTC] PHP Fatal error:  Uncaught Error: Function name must be a string in /www/wwwroot/libofei.com/wp-content/themes/techqik/functions.php:5
Stack trace:
#0 /www/wwwroot/libofei.com/wp-includes/class-wp-hook.php(324): theme_techqik_com_setup()
#1 /www/wwwroot/libofei.com/wp-includes/class-wp-hook.php(348): WP_Hook->apply_filters()
#2 /www/wwwroot/libofei.com/wp-includes/plugin.php(517): WP_Hook->do_action()
#3 /www/wwwroot/libofei.com/wp-settings.php(621): do_action()
#4 /www/wwwroot/libofei.com/wp-config.php(115): require_once('/www/wwwroot/li...')
#5 /www/wwwroot/libofei.com/wp-load.php(50): require_once('/www/wwwroot/li...')
#6 /www/wwwroot/libofei.com/wp-admin/admin.php(34): require_once('/www/wwwroot/li...')
#7 /www/wwwroot/libofei.com/wp-admin/index.php(10): require_once('/www/wwwroot/li...')
#8 {main}
  thrown in /www/wwwroot/libofei.com/wp-content/themes/techqik/functions.php on line 5
[09-Jan-2024 05:10:38 UTC] PHP Notice:  Undefined variable: get_stylesheet_uri in /www/wwwroot/libofei.com/wp-content/themes/techqik/functions.php on line 5
[09-Jan-2024 05:10:38 UTC] PHP Fatal error:  Uncaught Error: Function name must be a string in /www/wwwroot/libofei.com/wp-content/themes/techqik/functions.php:5
Stack trace:
#0 /www/wwwroot/libofei.com/wp-includes/class-wp-hook.php(324): theme_techqik_com_setup()
#1 /www/wwwroot/libofei.com/wp-includes/class-wp-hook.php(348): WP_Hook->apply_filters()
#2 /www/wwwroot/libofei.com/wp-includes/plugin.php(517): WP_Hook->do_action()
#3 /www/wwwroot/libofei.com/wp-settings.php(621): do_action()
#4 /www/wwwroot/libofei.com/wp-config.php(115): require_once('/www/wwwroot/li...')
#5 /www/wwwroot/libofei.com/wp-load.php(50): require_once('/www/wwwroot/li...')
#6 /www/wwwroot/libofei.com/wp-blog-header.php(13): require_once('/www/wwwroot/li...')
#7 /www/wwwroot/libofei.com/index.php(17): require('/www/wwwroot/li...')
#8 {main}
  thrown in /www/wwwroot/libofei.com/wp-content/themes/techqik/functions.php on line 5
[09-Jan-2024 05:11:12 UTC] http://libofei.com/wp-content/themes/techqik/style.css
[09-Jan-2024 05:11:13 UTC] http://libofei.com/wp-content/themes/techqik/style.css
[09-Jan-2024 05:11:14 UTC] http://libofei.com/wp-content/themes/techqik/style.css
[09-Jan-2024 05:11:26 UTC] http://libofei.com/wp-content/themes/techqik/style.css
[09-Jan-2024 05:11:28 UTC] http://libofei.com/wp-content/themes/techqik/style.css
[09-Jan-2024 05:11:29 UTC] http://libofei.com/wp-content/themes/techqik/style.css
[09-Jan-2024 05:14:39 UTC] http://libofei.com/wp-content/themes/techqik/style.css
[09-Jan-2024 05:14:39 UTC] http://libofei.com/wp-content/themes/techqik/assets/css/primary.css
[09-Jan-2024 05:14:40 UTC] http://libofei.com/wp-content/themes/techqik/style.css
[09-Jan-2024 05:14:40 UTC] http://libofei.com/wp-content/themes/techqik/assets/css/primary.css
[09-Jan-2024 05:14:41 UTC] http://libofei.com/wp-content/themes/techqik/style.css
[09-Jan-2024 05:14:41 UTC] http://libofei.com/wp-content/themes/techqik/assets/css/primary.css
[09-Jan-2024 05:15:39 UTC] http://libofei.com/wp-content/themes/techqik/style.css
[09-Jan-2024 05:15:39 UTC] http://libofei.com/wp-content/themes/techqik/assets/css/primary.css
[09-Jan-2024 05:15:41 UTC] http://libofei.com/wp-content/themes/techqik/style.css
[09-Jan-2024 05:15:41 UTC] http://libofei.com/wp-content/themes/techqik/assets/css/primary.css
[09-Jan-2024 05:15:42 UTC] http://libofei.com/wp-content/themes/techqik/style.css
[09-Jan-2024 05:15:42 UTC] http://libofei.com/wp-content/themes/techqik/assets/css/primary.css
[09-Jan-2024 06:40:31 UTC] http://libofei.com/wp-content/themes/techqik/style.css
[09-Jan-2024 06:40:31 UTC] http://libofei.com/wp-content/themes/techqik/assets/css/primary.css
[09-Jan-2024 06:40:32 UTC] http://libofei.com/wp-content/themes/techqik/style.css
[09-Jan-2024 06:40:32 UTC] http://libofei.com/wp-content/themes/techqik/assets/css/primary.css
[09-Jan-2024 06:40:34 UTC] http://libofei.com/wp-content/themes/techqik/style.css
[09-Jan-2024 06:40:34 UTC] http://libofei.com/wp-content/themes/techqik/assets/css/primary.css
[09-Jan-2024 06:40:35 UTC] http://libofei.com/wp-content/themes/techqik/style.css
[09-Jan-2024 06:40:35 UTC] http://libofei.com/wp-content/themes/techqik/assets/css/primary.css
[09-Jan-2024 06:40:37 UTC] http://libofei.com/wp-content/themes/techqik/style.css
[09-Jan-2024 06:40:37 UTC] http://libofei.com/wp-content/themes/techqik/assets/css/primary.css
[09-Jan-2024 06:40:38 UTC] http://libofei.com/wp-content/themes/techqik/style.css
[09-Jan-2024 06:40:38 UTC] http://libofei.com/wp-content/themes/techqik/assets/css/primary.css
[09-Jan-2024 06:40:40 UTC] http://libofei.com/wp-content/themes/techqik/style.css
[09-Jan-2024 06:40:40 UTC] http://libofei.com/wp-content/themes/techqik/assets/css/primary.css
[09-Jan-2024 06:40:41 UTC] http://libofei.com/wp-content/themes/techqik/style.css
[09-Jan-2024 06:40:41 UTC] http://libofei.com/wp-content/themes/techqik/assets/css/primary.css
[09-Jan-2024 06:40:44 UTC] http://libofei.com/wp-content/themes/techqik/style.css
[09-Jan-2024 06:40:44 UTC] http://libofei.com/wp-content/themes/techqik/assets/css/primary.css
[09-Jan-2024 06:40:57 UTC] http://libofei.com/wp-content/themes/techqik/style.css
[09-Jan-2024 06:40:57 UTC] http://libofei.com/wp-content/themes/techqik/assets/css/primary.css
[09-Jan-2024 06:41:41 UTC] http://libofei.com/wp-content/themes/techqik/style.css
[09-Jan-2024 06:41:41 UTC] http://libofei.com/wp-content/themes/techqik/assets/css/primary.css
[09-Jan-2024 06:41:42 UTC] http://libofei.com/wp-content/themes/techqik/style.css
[09-Jan-2024 06:41:42 UTC] http://libofei.com/wp-content/themes/techqik/assets/css/primary.css
[09-Jan-2024 06:42:42 UTC] http://libofei.com/wp-content/themes/techqik/style.css
[09-Jan-2024 06:42:42 UTC] http://libofei.com/wp-content/themes/techqik/assets/css/primary.css
[09-Jan-2024 06:42:43 UTC] http://libofei.com/wp-content/themes/techqik/style.css
[09-Jan-2024 06:42:43 UTC] http://libofei.com/wp-content/themes/techqik/assets/css/primary.css
[09-Jan-2024 06:44:43 UTC] http://libofei.com/wp-content/themes/techqik/style.css
[09-Jan-2024 06:44:43 UTC] http://libofei.com/wp-content/themes/techqik/assets/css/primary.css
[09-Jan-2024 06:44:44 UTC] http://libofei.com/wp-content/themes/techqik/style.css
[09-Jan-2024 06:44:44 UTC] http://libofei.com/wp-content/themes/techqik/assets/css/primary.css
[09-Jan-2024 06:46:44 UTC] http://libofei.com/wp-content/themes/techqik/style.css
[09-Jan-2024 06:46:44 UTC] http://libofei.com/wp-content/themes/techqik/assets/css/primary.css
[09-Jan-2024 06:46:45 UTC] http://libofei.com/wp-content/themes/techqik/style.css
[09-Jan-2024 06:46:45 UTC] http://libofei.com/wp-content/themes/techqik/assets/css/primary.css
[09-Jan-2024 06:48:45 UTC] http://libofei.com/wp-content/themes/techqik/style.css
[09-Jan-2024 06:48:45 UTC] http://libofei.com/wp-content/themes/techqik/assets/css/primary.css
[09-Jan-2024 06:48:46 UTC] http://libofei.com/wp-content/themes/techqik/style.css
[09-Jan-2024 06:48:46 UTC] http://libofei.com/wp-content/themes/techqik/assets/css/primary.css
[09-Jan-2024 06:50:46 UTC] http://libofei.com/wp-content/themes/techqik/style.css
[09-Jan-2024 06:50:46 UTC] http://libofei.com/wp-content/themes/techqik/assets/css/primary.css
[09-Jan-2024 06:50:47 UTC] http://libofei.com/wp-content/themes/techqik/style.css
[09-Jan-2024 06:50:47 UTC] http://libofei.com/wp-content/themes/techqik/assets/css/primary.css
