2024-01-09T05:09:00+00:00 CRITICAL Uncaught Error: Function name must be a string in /www/wwwroot/libofei.com/wp-content/themes/techqik/functions.php:5
Stack trace:
#0 /www/wwwroot/libofei.com/wp-includes/class-wp-hook.php(324): theme_techqik_com_setup()
#1 /www/wwwroot/libofei.com/wp-includes/class-wp-hook.php(348): WP_Hook->apply_filters()
#2 /www/wwwroot/libofei.com/wp-includes/plugin.php(517): WP_Hook->do_action()
#3 /www/wwwroot/libofei.com/wp-settings.php(621): do_action()
#4 /www/wwwroot/libofei.com/wp-config.php(115): require_once('/www/wwwroot/li...')
#5 /www/wwwroot/libofei.com/wp-load.php(50): require_once('/www/wwwroot/li...')
#6 /www/wwwroot/libofei.com/wp-blog-header.php(13): require_once('/www/wwwroot/li...')
#7 /www/wwwroot/libofei.com/index.php(17): require('/www/wwwroot/li...')
#8 {main}
  thrown in /www/wwwroot/libofei.com/wp-content/themes/techqik/functions.php on line 5

2024-01-09T05:09:01+00:00 CRITICAL Uncaught Error: Function name must be a string in /www/wwwroot/libofei.com/wp-content/themes/techqik/functions.php:5
Stack trace:
#0 /www/wwwroot/libofei.com/wp-includes/class-wp-hook.php(324): theme_techqik_com_setup()
#1 /www/wwwroot/libofei.com/wp-includes/class-wp-hook.php(348): WP_Hook->apply_filters()
#2 /www/wwwroot/libofei.com/wp-includes/plugin.php(517): WP_Hook->do_action()
#3 /www/wwwroot/libofei.com/wp-settings.php(621): do_action()
#4 /www/wwwroot/libofei.com/wp-config.php(115): require_once('/www/wwwroot/li...')
#5 /www/wwwroot/libofei.com/wp-load.php(50): require_once('/www/wwwroot/li...')
#6 /www/wwwroot/libofei.com/wp-blog-header.php(13): require_once('/www/wwwroot/li...')
#7 /www/wwwroot/libofei.com/index.php(17): require('/www/wwwroot/li...')
#8 {main}
  thrown in /www/wwwroot/libofei.com/wp-content/themes/techqik/functions.php on line 5

2024-01-09T05:09:32+00:00 CRITICAL Uncaught Error: Function name must be a string in /www/wwwroot/libofei.com/wp-content/themes/techqik/functions.php:5
Stack trace:
#0 /www/wwwroot/libofei.com/wp-includes/class-wp-hook.php(324): theme_techqik_com_setup()
#1 /www/wwwroot/libofei.com/wp-includes/class-wp-hook.php(348): WP_Hook->apply_filters()
#2 /www/wwwroot/libofei.com/wp-includes/plugin.php(517): WP_Hook->do_action()
#3 /www/wwwroot/libofei.com/wp-settings.php(621): do_action()
#4 /www/wwwroot/libofei.com/wp-config.php(115): require_once('/www/wwwroot/li...')
#5 /www/wwwroot/libofei.com/wp-load.php(50): require_once('/www/wwwroot/li...')
#6 /www/wwwroot/libofei.com/wp-blog-header.php(13): require_once('/www/wwwroot/li...')
#7 /www/wwwroot/libofei.com/index.php(17): require('/www/wwwroot/li...')
#8 {main}
  thrown in /www/wwwroot/libofei.com/wp-content/themes/techqik/functions.php on line 5

2024-01-09T05:09:33+00:00 CRITICAL Uncaught Error: Function name must be a string in /www/wwwroot/libofei.com/wp-content/themes/techqik/functions.php:5
Stack trace:
#0 /www/wwwroot/libofei.com/wp-includes/class-wp-hook.php(324): theme_techqik_com_setup()
#1 /www/wwwroot/libofei.com/wp-includes/class-wp-hook.php(348): WP_Hook->apply_filters()
#2 /www/wwwroot/libofei.com/wp-includes/plugin.php(517): WP_Hook->do_action()
#3 /www/wwwroot/libofei.com/wp-settings.php(621): do_action()
#4 /www/wwwroot/libofei.com/wp-config.php(115): require_once('/www/wwwroot/li...')
#5 /www/wwwroot/libofei.com/wp-load.php(50): require_once('/www/wwwroot/li...')
#6 /www/wwwroot/libofei.com/wp-blog-header.php(13): require_once('/www/wwwroot/li...')
#7 /www/wwwroot/libofei.com/index.php(17): require('/www/wwwroot/li...')
#8 {main}
  thrown in /www/wwwroot/libofei.com/wp-content/themes/techqik/functions.php on line 5

2024-01-09T05:10:37+00:00 CRITICAL Uncaught Error: Function name must be a string in /www/wwwroot/libofei.com/wp-content/themes/techqik/functions.php:5
Stack trace:
#0 /www/wwwroot/libofei.com/wp-includes/class-wp-hook.php(324): theme_techqik_com_setup()
#1 /www/wwwroot/libofei.com/wp-includes/class-wp-hook.php(348): WP_Hook->apply_filters()
#2 /www/wwwroot/libofei.com/wp-includes/plugin.php(517): WP_Hook->do_action()
#3 /www/wwwroot/libofei.com/wp-settings.php(621): do_action()
#4 /www/wwwroot/libofei.com/wp-config.php(115): require_once('/www/wwwroot/li...')
#5 /www/wwwroot/libofei.com/wp-load.php(50): require_once('/www/wwwroot/li...')
#6 /www/wwwroot/libofei.com/wp-admin/admin.php(34): require_once('/www/wwwroot/li...')
#7 /www/wwwroot/libofei.com/wp-admin/index.php(10): require_once('/www/wwwroot/li...')
#8 {main}
  thrown in /www/wwwroot/libofei.com/wp-content/themes/techqik/functions.php on line 5

2024-01-09T05:10:38+00:00 CRITICAL Uncaught Error: Function name must be a string in /www/wwwroot/libofei.com/wp-content/themes/techqik/functions.php:5
Stack trace:
#0 /www/wwwroot/libofei.com/wp-includes/class-wp-hook.php(324): theme_techqik_com_setup()
#1 /www/wwwroot/libofei.com/wp-includes/class-wp-hook.php(348): WP_Hook->apply_filters()
#2 /www/wwwroot/libofei.com/wp-includes/plugin.php(517): WP_Hook->do_action()
#3 /www/wwwroot/libofei.com/wp-settings.php(621): do_action()
#4 /www/wwwroot/libofei.com/wp-config.php(115): require_once('/www/wwwroot/li...')
#5 /www/wwwroot/libofei.com/wp-load.php(50): require_once('/www/wwwroot/li...')
#6 /www/wwwroot/libofei.com/wp-blog-header.php(13): require_once('/www/wwwroot/li...')
#7 /www/wwwroot/libofei.com/index.php(17): require('/www/wwwroot/li...')
#8 {main}
  thrown in /www/wwwroot/libofei.com/wp-content/themes/techqik/functions.php on line 5

